<?xml version="1.0" encoding="UTF-8" ?>
<testsuite tests="1" failures="1" name="TestSuite" time="3.219" errors="0" skipped="0">
  <properties>
    <property name="java.runtime.name" value="Java(TM) SE Runtime Environment"/>
    <property name="sun.boot.library.path" value="C:\Program Files\Java\jre1.8.0_171\bin"/>
    <property name="java.vm.version" value="25.171-b11"/>
    <property name="java.vm.vendor" value="Oracle Corporation"/>
    <property name="maven.multiModuleProjectDirectory" value="D:\Projects\Jenkins_docker_maven\custom_Maven_Project"/>
    <property name="java.vendor.url" value="http://java.oracle.com/"/>
    <property name="path.separator" value=";"/>
    <property name="guice.disable.misplaced.annotation.check" value="true"/>
    <property name="java.vm.name" value="Java HotSpot(TM) 64-Bit Server VM"/>
    <property name="file.encoding.pkg" value="sun.io"/>
    <property name="user.script" value=""/>
    <property name="user.country" value="US"/>
    <property name="sun.java.launcher" value="SUN_STANDARD"/>
    <property name="sun.os.patch.level" value=""/>
    <property name="java.vm.specification.name" value="Java Virtual Machine Specification"/>
    <property name="user.dir" value="D:\Projects\Jenkins_docker_maven\custom_Maven_Project"/>
    <property name="java.runtime.version" value="1.8.0_171-b11"/>
    <property name="java.awt.graphicsenv" value="sun.awt.Win32GraphicsEnvironment"/>
    <property name="java.endorsed.dirs" value="C:\Program Files\Java\jre1.8.0_171\lib\endorsed"/>
    <property name="os.arch" value="amd64"/>
    <property name="java.io.tmpdir" value="C:\Users\INDIUM~1\AppData\Local\Temp\"/>
    <property name="line.separator" value="
"/>
    <property name="java.vm.specification.vendor" value="Oracle Corporation"/>
    <property name="user.variant" value=""/>
    <property name="os.name" value="Windows 10"/>
    <property name="classworlds.conf" value="C:\Users\Indium Software\Docker_Jenkins_Isafe\.metadata\.plugins\org.eclipse.m2e.launching\launches\m2conf8183202052385660265.tmp"/>
    <property name="sun.jnu.encoding" value="Cp1252"/>
    <property name="java.library.path" value="C:\Program Files\Java\jre1.8.0_171\bin;C:\Windows\Sun\Java\bin;C:\Windows\system32;C:\Windows;C:/Program Files/Java/jre1.8.0_171/bin/server;C:/Program Files/Java/jre1.8.0_171/bin;C:/Program Files/Java/jre1.8.0_171/lib/amd64;C:\Program Files\Docker\Docker\Resources\bin;C:\Program Files (x86)\Common Files\Oracle\Java\javapath;c:\Program Files (x86)\Intel\iCLS Client\;c:\Program Files\Intel\iCLS Client\;C:\Windows\system32;C:\Windows;C:\Windows\System32\Wbem;C:\Windows\System32\WindowsPowerShell\v1.0\;C:\Windows\System32\OpenSSH\;C:\Program Files\Intel\Intel(R) Management Engine Components\DAL;C:\Program Files\Intel\Intel(R) Management Engine Components\IPT;C:\Program Files (x86)\Intel\Intel(R) Management Engine Components\DAL;C:\Program Files (x86)\Intel\Intel(R) Management Engine Components\IPT;C:\Program Files\Java\jdk1.8.0_171\bin;C:\Program Files\nodejs\;C:\temp\apache-maven-3.5.4\bin;C:\temp\android-sdk_r24.4.1-windows\android-sdk-windows;;C:\Program Files\Microsoft VS Code\bin;C:\Users\Indium Software\AppData\Local\Microsoft\WindowsApps;C:\Users\Indium Software\AppData\Local\GitHubDesktop\bin;C:\Users\Indium Software\AppData\Roaming\npm;C:\temp\eclipse;;."/>
    <property name="java.specification.name" value="Java Platform API Specification"/>
    <property name="java.class.version" value="52.0"/>
    <property name="sun.management.compiler" value="HotSpot 64-Bit Tiered Compilers"/>
    <property name="os.version" value="10.0"/>
    <property name="user.home" value="C:\Users\Indium Software"/>
    <property name="user.timezone" value="America/Los_Angeles"/>
    <property name="java.awt.printerjob" value="sun.awt.windows.WPrinterJob"/>
    <property name="java.specification.version" value="1.8"/>
    <property name="file.encoding" value="Cp1252"/>
    <property name="user.name" value="Indium Software"/>
    <property name="java.class.path" value="C:\temp\eclipse\plugins\org.eclipse.m2e.maven.runtime_1.9.0.20180313-2236\jars\plexus-classworlds-2.5.2.jar"/>
    <property name="java.vm.specification.version" value="1.8"/>
    <property name="sun.arch.data.model" value="64"/>
    <property name="java.home" value="C:\Program Files\Java\jre1.8.0_171"/>
    <property name="sun.java.command" value="org.codehaus.plexus.classworlds.launcher.Launcher -B test"/>
    <property name="java.specification.vendor" value="Oracle Corporation"/>
    <property name="user.language" value="en"/>
    <property name="awt.toolkit" value="sun.awt.windows.WToolkit"/>
    <property name="java.vm.info" value="mixed mode"/>
    <property name="java.version" value="1.8.0_171"/>
    <property name="java.ext.dirs" value="C:\Program Files\Java\jre1.8.0_171\lib\ext;C:\Windows\Sun\Java\lib\ext"/>
    <property name="sun.boot.class.path" value="C:\Program Files\Java\jre1.8.0_171\lib\resources.jar;C:\Program Files\Java\jre1.8.0_171\lib\rt.jar;C:\Program Files\Java\jre1.8.0_171\lib\sunrsasign.jar;C:\Program Files\Java\jre1.8.0_171\lib\jsse.jar;C:\Program Files\Java\jre1.8.0_171\lib\jce.jar;C:\Program Files\Java\jre1.8.0_171\lib\charsets.jar;C:\Program Files\Java\jre1.8.0_171\lib\jfr.jar;C:\Program Files\Java\jre1.8.0_171\classes"/>
    <property name="java.vendor" value="Oracle Corporation"/>
    <property name="maven.home" value="D:\Projects\Jenkins_docker_maven\custom_Maven_Project\EMBEDDED"/>
    <property name="file.separator" value="\"/>
    <property name="java.vendor.url.bug" value="http://bugreport.sun.com/bugreport/"/>
    <property name="sun.cpu.endian" value="little"/>
    <property name="sun.io.unicode.encoding" value="UnicodeLittle"/>
    <property name="sun.desktop" value="windows"/>
    <property name="sun.cpu.isalist" value="amd64"/>
  </properties>
  <testcase classname="testCases.TestCases" name="TC001" time="3.219">
    <failure type="java.lang.NullPointerException">java.lang.NullPointerException
	at scenarios.CustomSignInTest.customSignInTestScenario(CustomSignInTest.java:35)
	at testCases.TestCases.TC001(TestCases.java:131)
</failure>
    <system-out>[TestNGContentHandler] [WARN] It is strongly recommended to add &quot;&lt;!DOCTYPE suite SYSTEM &quot;http://testng.org/testng-1.0.dtd&quot; &gt;&quot; at the top of your file, otherwise TestNG may fail or not work as expected.
Getting value of ElementLoadWaitTime from Test Configuration file : 60
Getting value of TextLoadWaitTime from Test Configuration file : 45
Getting value of PageLoadWaitTime from Test Configuration file : 60
Getting value of ImplicitlyWaitTime from Test Configuration file : 45
Element time out set
Getting value of ElementLoadWaitTime from Test Configuration file : 60
Getting value of TextLoadWaitTime from Test Configuration file : 45
Getting value of PageLoadWaitTime from Test Configuration file : 60
Getting value of ImplicitlyWaitTime from Test Configuration file : 45
Element time out set
##########################################################################################
##### Start of Test Case: TC001 - Sample Load Google #####
##########################################################################################
Getting value of TestDataFile from Test Configuration file : ./src/test/resources/data/TestData.xls
java.lang.ArrayIndexOutOfBoundsException: 2
Opening Chrome Browser...
Getting value of AppiumTimeOut from Test Configuration file : 600
Getting value of GridExecution from Test Configuration file : Yes
Getting value of GridExecution from Test Configuration file : Yes
Getting value of ExecuteRemainingStepsOnFailure(Yes/No) from Test Configuration file : Yes
Getting value of OverideTimeoutOnFailure from Test Configuration file : 5
Getting value of OverideTimeoutOnFailure from Test Configuration file : 5
Getting value of OverideTimeoutOnFailure from Test Configuration file : 5
Getting value of OverideTimeoutOnFailure from Test Configuration file : 5
Getting value of MaxNoOfFailurePerTestCase from Test Configuration file : 10
Getting value of ExecuteRemainingStepsOnFailure(Yes/No) from Test Configuration file : Yes
Getting value of OverideTimeoutOnFailure from Test Configuration file : 5
Getting value of OverideTimeoutOnFailure from Test Configuration file : 5
Getting value of OverideTimeoutOnFailure from Test Configuration file : 5
Getting value of OverideTimeoutOnFailure from Test Configuration file : 5
Getting value of MaxNoOfFailurePerTestCase from Test Configuration file : 10
</system-out>
    <system-err>log4j:WARN No appenders could be found for logger (org.apache.http.client.protocol.RequestAddCookies).
log4j:WARN Please initialize the log4j system properly.
log4j:WARN See http://logging.apache.org/log4j/1.2/faq.html#noconfig for more info.
Browser: Open Failure/Navigation cancelled, please check the application window.
org.openqa.selenium.remote.UnreachableBrowserException: Could not start a new session. Possible causes are invalid address of the remote server or browser start-up failure.
Build info: version: &apos;3.4.0&apos;, revision: &apos;unknown&apos;, time: &apos;unknown&apos;
System info: host: &apos;ISILLT10137&apos;, ip: &apos;10.9.248.24&apos;, os.name: &apos;Windows 10&apos;, os.arch: &apos;amd64&apos;, os.version: &apos;10.0&apos;, java.version: &apos;1.8.0_171&apos;
Driver info: driver.version: RemoteWebDriver
</system-err>
  </testcase>
</testsuite>